2019-02-05 11:26:12 [INFO ] [StartupInfoLogger.java] logStarting(50) : Starting VioletWebApplication on Minui-MacBook-Pro.local with PID 959 (/Users/minsungkim/eclipse-workspace/VioletWeb/target/classes started by minsungkim in /Users/minsungkim/eclipse-workspace/VioletWeb)
2019-02-05 11:26:12 [INFO ] [SpringApplication.java] logStartupProfileInfo(679) : The following profiles are active: local
2019-02-05 11:26:12 [WARN ] [ClassPathMapperScanner.java] doScan(166) : No MyBatis mapper was found in '[com.violet.web]' package. Please check your configuration.
2019-02-05 11:26:13 [INFO ] [PostProcessorRegistrationDelegate.java] postProcessAfterInitialization(330) : Bean 'org.springframework.ws.config.annotation.DelegatingWsConfiguration' of type [org.springframework.ws.config.annotation.DelegatingWsConfiguration$$EnhancerBySpringCGLIB$$a58c28fe] is not eligible for getting processed by all BeanPostProcessors (for example: not eligible for auto-proxying)
2019-02-05 11:26:13 [INFO ] [AbstractAddressingEndpointMapping.java] afterPropertiesSet(236) : Supporting [WS-Addressing August 2004, WS-Addressing 1.0]
2019-02-05 11:26:13 [INFO ] [PostProcessorRegistrationDelegate.java] postProcessAfterInitialization(330) : Bean 'org.springframework.hateoas.config.HateoasConfiguration' of type [org.springframework.hateoas.config.HateoasConfiguration$$EnhancerBySpringCGLIB$$8074b131] is not eligible for getting processed by all BeanPostProcessors (for example: not eligible for auto-proxying)
2019-02-05 11:26:13 [INFO ] [PostProcessorRegistrationDelegate.java] postProcessAfterInitialization(330) : Bean 'org.springframework.transaction.annotation.ProxyTransactionManagementConfiguration' of type [org.springframework.transaction.annotation.ProxyTransactionManagementConfiguration$$EnhancerBySpringCGLIB$$f463ff] is not eligible for getting processed by all BeanPostProcessors (for example: not eligible for auto-proxying)
2019-02-05 11:26:13 [INFO ] [TomcatWebServer.java] initialize(90) : Tomcat initialized with port(s): 80 (http)
2019-02-05 11:26:13 [INFO ] [DirectJDKLog.java] log(173) : Starting service [Tomcat]
2019-02-05 11:26:13 [INFO ] [DirectJDKLog.java] log(173) : Starting Servlet Engine: Apache Tomcat/9.0.13
2019-02-05 11:26:13 [INFO ] [DirectJDKLog.java] log(173) : The APR based Apache Tomcat Native library which allows optimal performance in production environments was not found on the java.library.path: [/Users/minsungkim/Library/Java/Extensions:/Library/Java/Extensions:/Network/Library/Java/Extensions:/System/Library/Java/Extensions:/usr/lib/java:.]
2019-02-05 11:26:13 [INFO ] [DirectJDKLog.java] log(173) : Initializing Spring embedded WebApplicationContext
2019-02-05 11:26:13 [INFO ] [ServletWebServerApplicationContext.java] prepareWebApplicationContext(296) : Root WebApplicationContext: initialization completed in 1150 ms
2019-02-05 11:26:14 [INFO ] [DefaultSecurityFilterChain.java] <init>(43) : Creating filter chain: Ant [pattern='/js/**'], []
2019-02-05 11:26:14 [INFO ] [DefaultSecurityFilterChain.java] <init>(43) : Creating filter chain: Ant [pattern='/css/**'], []
2019-02-05 11:26:14 [INFO ] [DefaultSecurityFilterChain.java] <init>(43) : Creating filter chain: Ant [pattern='/img/**'], []
2019-02-05 11:26:14 [INFO ] [DefaultSecurityFilterChain.java] <init>(43) : Creating filter chain: Ant [pattern='/assets/**'], []
2019-02-05 11:26:14 [INFO ] [DefaultSecurityFilterChain.java] <init>(43) : Creating filter chain: any request, [org.springframework.security.web.context.request.async.WebAsyncManagerIntegrationFilter@76544c0a, org.springframework.security.web.context.SecurityContextPersistenceFilter@7da34b26, org.springframework.security.web.header.HeaderWriterFilter@7f4701b1, org.springframework.security.web.csrf.CsrfFilter@45adc393, org.springframework.security.web.authentication.logout.LogoutFilter@431e86b1, org.springframework.security.web.authentication.UsernamePasswordAuthenticationFilter@d70f722, org.springframework.web.filter.CompositeFilter@428bdd72, org.springframework.security.web.savedrequest.RequestCacheAwareFilter@3b2553d9, org.springframework.security.web.servletapi.SecurityContextHolderAwareRequestFilter@3bb5ceb, org.springframework.security.web.authentication.AnonymousAuthenticationFilter@650c405c, org.springframework.security.web.session.SessionManagementFilter@fb49fdf, org.springframework.security.web.access.ExceptionTranslationFilter@1823b9c4, org.springframework.security.web.access.intercept.FilterSecurityInterceptor@25f15f50]
2019-02-05 11:26:14 [INFO ] [ExecutorConfigurationSupport.java] initialize(171) : Initializing ExecutorService 'applicationTaskExecutor'
2019-02-05 11:26:14 [INFO ] [WelcomePageHandlerMapping.java] <init>(61) : Adding welcome page template: index
2019-02-05 11:26:15 [INFO ] [TomcatWebServer.java] start(204) : Tomcat started on port(s): 80 (http) with context path ''
2019-02-05 11:26:15 [INFO ] [StartupInfoLogger.java] logStarted(59) : Started VioletWebApplication in 3.224 seconds (JVM running for 3.826)
2019-02-05 11:26:18 [INFO ] [DirectJDKLog.java] log(173) : Initializing Spring DispatcherServlet 'dispatcherServlet'
2019-02-05 11:26:18 [INFO ] [FrameworkServlet.java] initServletBean(524) : Initializing Servlet 'dispatcherServlet'
2019-02-05 11:26:18 [INFO ] [FrameworkServlet.java] initServletBean(546) : Completed initialization in 11 ms
2019-02-05 11:26:18 [WARN ] [HikariConfig.java] validateNumerics(1008) : {} - idleTimeout has been set but has no effect because the pool is operating as a fixed size pool.
2019-02-05 11:26:18 [INFO ] [HikariDataSource.java] getConnection(110) : hikari-cp - Starting...
2019-02-05 11:26:18 [WARN ] [DriverDataSource.java] <init>(68) : Registered driver with driverClassName=oracle.jdbc.driver.OracleDriver was not found, trying direct instantiation.
2019-02-05 11:26:19 [INFO ] [PoolBase.java] getAndSetNetworkTimeout(525) : hikari-cp - Driver does not support get/set network timeout for connections. (oracle.jdbc.driver.T4CConnection.getNetworkTimeout()I)
2019-02-05 11:26:19 [INFO ] [HikariDataSource.java] getConnection(123) : hikari-cp - Start completed.
2019-02-05 11:26:20 [WARN ] [FragmentProcessor.groovy] doProcess(75) : You don't need to put the layout:fragment/data-layout-fragment attribute into the <head> section - the decoration process will automatically copy the <head> section of your content templates into your layout page.
2019-02-05 11:26:32 [WARN ] [UserInfoTokenServices.java] getMap(149) : Could not fetch user details: class org.springframework.web.client.HttpClientErrorException$Unauthorized, 401 Unauthorized
2019-02-05 11:26:32 [ERROR] [AuthFailureHandler.java] onAuthenticationFailure(28) : Email or password does not match. org.springframework.security.authentication.BadCredentialsException: Could not obtain user details from token
2019-02-05 11:33:02 [INFO ] [SpringApplicationAdminMXBeanRegistrar.java] shutdown(164) : Application shutdown requested.
2019-02-05 11:33:02 [INFO ] [ExecutorConfigurationSupport.java] shutdown(208) : Shutting down ExecutorService 'applicationTaskExecutor'
2019-02-05 11:33:02 [INFO ] [HikariDataSource.java] close(350) : hikari-cp - Shutdown initiated...
2019-02-05 11:33:03 [INFO ] [HikariDataSource.java] close(352) : hikari-cp - Shutdown completed.
2019-02-05 11:34:17 [INFO ] [StartupInfoLogger.java] logStarting(50) : Starting VioletWebApplication on Minui-MacBook-Pro.local with PID 993 (/Users/minsungkim/eclipse-workspace/VioletWeb/target/classes started by minsungkim in /Users/minsungkim/eclipse-workspace/VioletWeb)
2019-02-05 11:34:17 [INFO ] [SpringApplication.java] logStartupProfileInfo(679) : The following profiles are active: local
2019-02-05 11:34:17 [WARN ] [ClassPathMapperScanner.java] doScan(166) : No MyBatis mapper was found in '[com.violet.web]' package. Please check your configuration.
2019-02-05 11:34:18 [INFO ] [PostProcessorRegistrationDelegate.java] postProcessAfterInitialization(330) : Bean 'org.springframework.ws.config.annotation.DelegatingWsConfiguration' of type [org.springframework.ws.config.annotation.DelegatingWsConfiguration$$EnhancerBySpringCGLIB$$9a5e8ecb] is not eligible for getting processed by all BeanPostProcessors (for example: not eligible for auto-proxying)
2019-02-05 11:34:18 [INFO ] [AbstractAddressingEndpointMapping.java] afterPropertiesSet(236) : Supporting [WS-Addressing August 2004, WS-Addressing 1.0]
2019-02-05 11:34:18 [INFO ] [PostProcessorRegistrationDelegate.java] postProcessAfterInitialization(330) : Bean 'org.springframework.hateoas.config.HateoasConfiguration' of type [org.springframework.hateoas.config.HateoasConfiguration$$EnhancerBySpringCGLIB$$754716fe] is not eligible for getting processed by all BeanPostProcessors (for example: not eligible for auto-proxying)
2019-02-05 11:34:18 [INFO ] [PostProcessorRegistrationDelegate.java] postProcessAfterInitialization(330) : Bean 'org.springframework.transaction.annotation.ProxyTransactionManagementConfiguration' of type [org.springframework.transaction.annotation.ProxyTransactionManagementConfiguration$$EnhancerBySpringCGLIB$$f5c6c9cc] is not eligible for getting processed by all BeanPostProcessors (for example: not eligible for auto-proxying)
2019-02-05 11:34:18 [INFO ] [TomcatWebServer.java] initialize(90) : Tomcat initialized with port(s): 80 (http)
2019-02-05 11:34:18 [INFO ] [DirectJDKLog.java] log(173) : Starting service [Tomcat]
2019-02-05 11:34:18 [INFO ] [DirectJDKLog.java] log(173) : Starting Servlet Engine: Apache Tomcat/9.0.13
2019-02-05 11:34:18 [INFO ] [DirectJDKLog.java] log(173) : The APR based Apache Tomcat Native library which allows optimal performance in production environments was not found on the java.library.path: [/Users/minsungkim/Library/Java/Extensions:/Library/Java/Extensions:/Network/Library/Java/Extensions:/System/Library/Java/Extensions:/usr/lib/java:.]
2019-02-05 11:34:18 [INFO ] [DirectJDKLog.java] log(173) : Initializing Spring embedded WebApplicationContext
2019-02-05 11:34:18 [INFO ] [ServletWebServerApplicationContext.java] prepareWebApplicationContext(296) : Root WebApplicationContext: initialization completed in 918 ms
2019-02-05 11:34:19 [INFO ] [DefaultSecurityFilterChain.java] <init>(43) : Creating filter chain: Ant [pattern='/js/**'], []
2019-02-05 11:34:19 [INFO ] [DefaultSecurityFilterChain.java] <init>(43) : Creating filter chain: Ant [pattern='/css/**'], []
2019-02-05 11:34:19 [INFO ] [DefaultSecurityFilterChain.java] <init>(43) : Creating filter chain: Ant [pattern='/img/**'], []
2019-02-05 11:34:19 [INFO ] [DefaultSecurityFilterChain.java] <init>(43) : Creating filter chain: Ant [pattern='/assets/**'], []
2019-02-05 11:34:19 [INFO ] [DefaultSecurityFilterChain.java] <init>(43) : Creating filter chain: any request, [org.springframework.security.web.context.request.async.WebAsyncManagerIntegrationFilter@1fbf088b, org.springframework.security.web.context.SecurityContextPersistenceFilter@68699afc, org.springframework.security.web.header.HeaderWriterFilter@65fe2691, org.springframework.security.web.csrf.CsrfFilter@1e977098, org.springframework.security.web.authentication.logout.LogoutFilter@7c663eaf, org.springframework.security.web.authentication.UsernamePasswordAuthenticationFilter@7327a447, org.springframework.web.filter.CompositeFilter@1943c1f2, org.springframework.security.web.savedrequest.RequestCacheAwareFilter@1823b9c4, org.springframework.security.web.servletapi.SecurityContextHolderAwareRequestFilter@21b6c9c2, org.springframework.security.web.authentication.AnonymousAuthenticationFilter@d70f722, org.springframework.security.web.session.SessionManagementFilter@57ad1178, org.springframework.security.web.access.ExceptionTranslationFilter@54089484, org.springframework.security.web.access.intercept.FilterSecurityInterceptor@7ddd84b5]
2019-02-05 11:34:19 [INFO ] [ExecutorConfigurationSupport.java] initialize(171) : Initializing ExecutorService 'applicationTaskExecutor'
2019-02-05 11:34:19 [INFO ] [WelcomePageHandlerMapping.java] <init>(61) : Adding welcome page template: index
2019-02-05 11:34:19 [INFO ] [TomcatWebServer.java] start(204) : Tomcat started on port(s): 80 (http) with context path ''
2019-02-05 11:34:19 [INFO ] [StartupInfoLogger.java] logStarted(59) : Started VioletWebApplication in 2.713 seconds (JVM running for 3.2)
2019-02-05 11:34:29 [INFO ] [DirectJDKLog.java] log(173) : Initializing Spring DispatcherServlet 'dispatcherServlet'
2019-02-05 11:34:29 [INFO ] [FrameworkServlet.java] initServletBean(524) : Initializing Servlet 'dispatcherServlet'
2019-02-05 11:34:29 [INFO ] [FrameworkServlet.java] initServletBean(546) : Completed initialization in 10 ms
2019-02-05 11:34:30 [WARN ] [FragmentProcessor.groovy] doProcess(75) : You don't need to put the layout:fragment/data-layout-fragment attribute into the <head> section - the decoration process will automatically copy the <head> section of your content templates into your layout page.
2019-02-05 11:35:12 [INFO ] [SpringApplicationAdminMXBeanRegistrar.java] shutdown(164) : Application shutdown requested.
2019-02-05 11:35:12 [INFO ] [ExecutorConfigurationSupport.java] shutdown(208) : Shutting down ExecutorService 'applicationTaskExecutor'
