2019-12-05 15:30:48 [INFO ] [StartupInfoLogger.java] logStarting(50) : Starting VioletWebApplication on Minui-MacBook-Pro.local with PID 6326 (/Users/minsungkim/git/Violet/VioletWeb/target/classes started by minsungkim in /Users/minsungkim/git/Violet/VioletWeb)
2019-12-05 15:30:48 [INFO ] [SpringApplication.java] logStartupProfileInfo(679) : The following profiles are active: local
2019-12-05 15:30:49 [WARN ] [ClassPathMapperScanner.java] doScan(166) : No MyBatis mapper was found in '[com.violet.web]' package. Please check your configuration.
2019-12-05 15:30:49 [INFO ] [PostProcessorRegistrationDelegate.java] postProcessAfterInitialization(330) : Bean 'org.springframework.ws.config.annotation.DelegatingWsConfiguration' of type [org.springframework.ws.config.annotation.DelegatingWsConfiguration$$EnhancerBySpringCGLIB$$2181bc1f] is not eligible for getting processed by all BeanPostProcessors (for example: not eligible for auto-proxying)
2019-12-05 15:30:49 [INFO ] [AbstractAddressingEndpointMapping.java] afterPropertiesSet(236) : Supporting [WS-Addressing August 2004, WS-Addressing 1.0]
2019-12-05 15:30:49 [INFO ] [PostProcessorRegistrationDelegate.java] postProcessAfterInitialization(330) : Bean 'org.springframework.hateoas.config.HateoasConfiguration' of type [org.springframework.hateoas.config.HateoasConfiguration$$EnhancerBySpringCGLIB$$fc6a4452] is not eligible for getting processed by all BeanPostProcessors (for example: not eligible for auto-proxying)
2019-12-05 15:30:49 [INFO ] [PostProcessorRegistrationDelegate.java] postProcessAfterInitialization(330) : Bean 'org.springframework.transaction.annotation.ProxyTransactionManagementConfiguration' of type [org.springframework.transaction.annotation.ProxyTransactionManagementConfiguration$$EnhancerBySpringCGLIB$$7ce9f720] is not eligible for getting processed by all BeanPostProcessors (for example: not eligible for auto-proxying)
2019-12-05 15:30:50 [INFO ] [TomcatWebServer.java] initialize(90) : Tomcat initialized with port(s): 80 (http)
2019-12-05 15:30:50 [INFO ] [DirectJDKLog.java] log(173) : Starting service [Tomcat]
2019-12-05 15:30:50 [INFO ] [DirectJDKLog.java] log(173) : Starting Servlet Engine: Apache Tomcat/9.0.13
2019-12-05 15:30:50 [INFO ] [DirectJDKLog.java] log(173) : The APR based Apache Tomcat Native library which allows optimal performance in production environments was not found on the java.library.path: [/Users/minsungkim/Library/Java/Extensions:/Library/Java/Extensions:/Network/Library/Java/Extensions:/System/Library/Java/Extensions:/usr/lib/java:.]
2019-12-05 15:30:50 [INFO ] [DirectJDKLog.java] log(173) : Initializing Spring embedded WebApplicationContext
2019-12-05 15:30:50 [INFO ] [ServletWebServerApplicationContext.java] prepareWebApplicationContext(296) : Root WebApplicationContext: initialization completed in 1217 ms
2019-12-05 15:30:51 [INFO ] [DefaultSecurityFilterChain.java] <init>(43) : Creating filter chain: Ant [pattern='/js/**'], []
2019-12-05 15:30:51 [INFO ] [DefaultSecurityFilterChain.java] <init>(43) : Creating filter chain: Ant [pattern='/css/**'], []
2019-12-05 15:30:51 [INFO ] [DefaultSecurityFilterChain.java] <init>(43) : Creating filter chain: Ant [pattern='/img/**'], []
2019-12-05 15:30:51 [INFO ] [DefaultSecurityFilterChain.java] <init>(43) : Creating filter chain: Ant [pattern='/assets/**'], []
2019-12-05 15:30:51 [INFO ] [DefaultSecurityFilterChain.java] <init>(43) : Creating filter chain: any request, [org.springframework.security.web.context.request.async.WebAsyncManagerIntegrationFilter@77f991c, org.springframework.security.web.context.SecurityContextPersistenceFilter@68f6e55d, org.springframework.security.web.header.HeaderWriterFilter@428bdd72, org.springframework.security.web.csrf.CsrfFilter@1fbf088b, org.springframework.security.web.authentication.logout.LogoutFilter@21263314, org.springframework.security.web.authentication.UsernamePasswordAuthenticationFilter@42f85fa4, org.springframework.web.filter.CompositeFilter@3a7e365, org.springframework.security.web.savedrequest.RequestCacheAwareFilter@1835dc92, org.springframework.security.web.servletapi.SecurityContextHolderAwareRequestFilter@58658f63, org.springframework.security.web.authentication.AnonymousAuthenticationFilter@2ceee4b6, org.springframework.security.web.session.SessionManagementFilter@20eaeaf8, org.springframework.security.web.access.ExceptionTranslationFilter@1d8b0500, org.springframework.security.web.access.intercept.FilterSecurityInterceptor@502a4156]
2019-12-05 15:30:51 [INFO ] [ExecutorConfigurationSupport.java] initialize(171) : Initializing ExecutorService 'applicationTaskExecutor'
2019-12-05 15:30:51 [INFO ] [WelcomePageHandlerMapping.java] <init>(61) : Adding welcome page template: index
2019-12-05 15:30:52 [INFO ] [TomcatWebServer.java] start(204) : Tomcat started on port(s): 80 (http) with context path ''
2019-12-05 15:30:52 [INFO ] [StartupInfoLogger.java] logStarted(59) : Started VioletWebApplication in 3.505 seconds (JVM running for 3.977)
2019-12-05 15:31:15 [INFO ] [DirectJDKLog.java] log(173) : Initializing Spring DispatcherServlet 'dispatcherServlet'
2019-12-05 15:31:15 [INFO ] [FrameworkServlet.java] initServletBean(524) : Initializing Servlet 'dispatcherServlet'
2019-12-05 15:31:15 [INFO ] [FrameworkServlet.java] initServletBean(546) : Completed initialization in 15 ms
2019-12-05 15:31:15 [WARN ] [HikariConfig.java] validateNumerics(1008) : {} - idleTimeout has been set but has no effect because the pool is operating as a fixed size pool.
2019-12-05 15:31:15 [INFO ] [HikariDataSource.java] getConnection(110) : hikari-cp - Starting...
2019-12-05 15:31:15 [WARN ] [DriverDataSource.java] <init>(68) : Registered driver with driverClassName=oracle.jdbc.driver.OracleDriver was not found, trying direct instantiation.
2019-12-05 15:31:15 [INFO ] [PoolBase.java] getAndSetNetworkTimeout(525) : hikari-cp - Driver does not support get/set network timeout for connections. (oracle.jdbc.driver.T4CConnection.getNetworkTimeout()I)
2019-12-05 15:31:15 [INFO ] [HikariDataSource.java] getConnection(123) : hikari-cp - Start completed.
2019-12-05 15:31:16 [WARN ] [FragmentProcessor.groovy] doProcess(75) : You don't need to put the layout:fragment/data-layout-fragment attribute into the <head> section - the decoration process will automatically copy the <head> section of your content templates into your layout page.
2019-12-05 17:04:21 [WARN ] [HikariPool.java] run(766) : hikari-cp - Thread starvation or clock leap detected (housekeeper delta=1m4s728ms).
2019-12-05 20:13:39 [INFO ] [SpringApplicationAdminMXBeanRegistrar.java] shutdown(164) : Application shutdown requested.
2019-12-05 20:13:39 [INFO ] [ExecutorConfigurationSupport.java] shutdown(208) : Shutting down ExecutorService 'applicationTaskExecutor'
2019-12-05 20:13:39 [INFO ] [HikariDataSource.java] close(350) : hikari-cp - Shutdown initiated...
2019-12-05 20:13:39 [INFO ] [HikariDataSource.java] close(352) : hikari-cp - Shutdown completed.
