2019-12-28 14:53:16 [INFO ] [StartupInfoLogger.java] logStarting(50) : Starting VioletWebApplication on Minui-MacBook-Pro.local with PID 2327 (/Users/minsungkim/git/Violet/VioletWeb/target/classes started by minsungkim in /Users/minsungkim/git/Violet/VioletWeb)
2019-12-28 14:53:16 [INFO ] [SpringApplication.java] logStartupProfileInfo(679) : The following profiles are active: local
2019-12-28 14:53:17 [WARN ] [ClassPathMapperScanner.java] doScan(166) : No MyBatis mapper was found in '[com.violet.web]' package. Please check your configuration.
2019-12-28 14:53:17 [INFO ] [PostProcessorRegistrationDelegate.java] postProcessAfterInitialization(330) : Bean 'org.springframework.ws.config.annotation.DelegatingWsConfiguration' of type [org.springframework.ws.config.annotation.DelegatingWsConfiguration$$EnhancerBySpringCGLIB$$36aa4f41] is not eligible for getting processed by all BeanPostProcessors (for example: not eligible for auto-proxying)
2019-12-28 14:53:17 [INFO ] [AbstractAddressingEndpointMapping.java] afterPropertiesSet(236) : Supporting [WS-Addressing August 2004, WS-Addressing 1.0]
2019-12-28 14:53:17 [INFO ] [PostProcessorRegistrationDelegate.java] postProcessAfterInitialization(330) : Bean 'org.springframework.hateoas.config.HateoasConfiguration' of type [org.springframework.hateoas.config.HateoasConfiguration$$EnhancerBySpringCGLIB$$1192d774] is not eligible for getting processed by all BeanPostProcessors (for example: not eligible for auto-proxying)
2019-12-28 14:53:17 [INFO ] [PostProcessorRegistrationDelegate.java] postProcessAfterInitialization(330) : Bean 'org.springframework.transaction.annotation.ProxyTransactionManagementConfiguration' of type [org.springframework.transaction.annotation.ProxyTransactionManagementConfiguration$$EnhancerBySpringCGLIB$$92128a42] is not eligible for getting processed by all BeanPostProcessors (for example: not eligible for auto-proxying)
2019-12-28 14:53:18 [INFO ] [TomcatWebServer.java] initialize(90) : Tomcat initialized with port(s): 80 (http)
2019-12-28 14:53:18 [INFO ] [DirectJDKLog.java] log(173) : Starting service [Tomcat]
2019-12-28 14:53:18 [INFO ] [DirectJDKLog.java] log(173) : Starting Servlet Engine: Apache Tomcat/9.0.13
2019-12-28 14:53:18 [INFO ] [DirectJDKLog.java] log(173) : The APR based Apache Tomcat Native library which allows optimal performance in production environments was not found on the java.library.path: [/Users/minsungkim/Library/Java/Extensions:/Library/Java/Extensions:/Network/Library/Java/Extensions:/System/Library/Java/Extensions:/usr/lib/java:.]
2019-12-28 14:53:18 [INFO ] [DirectJDKLog.java] log(173) : Initializing Spring embedded WebApplicationContext
2019-12-28 14:53:18 [INFO ] [ServletWebServerApplicationContext.java] prepareWebApplicationContext(296) : Root WebApplicationContext: initialization completed in 1264 ms
2019-12-28 14:53:19 [INFO ] [DefaultSecurityFilterChain.java] <init>(43) : Creating filter chain: Ant [pattern='/js/**'], []
2019-12-28 14:53:19 [INFO ] [DefaultSecurityFilterChain.java] <init>(43) : Creating filter chain: Ant [pattern='/css/**'], []
2019-12-28 14:53:19 [INFO ] [DefaultSecurityFilterChain.java] <init>(43) : Creating filter chain: Ant [pattern='/img/**'], []
2019-12-28 14:53:19 [INFO ] [DefaultSecurityFilterChain.java] <init>(43) : Creating filter chain: Ant [pattern='/assets/**'], []
2019-12-28 14:53:19 [INFO ] [DefaultSecurityFilterChain.java] <init>(43) : Creating filter chain: any request, [org.springframework.security.web.context.request.async.WebAsyncManagerIntegrationFilter@1319bc2a, org.springframework.security.web.context.SecurityContextPersistenceFilter@7ec95456, org.springframework.security.web.header.HeaderWriterFilter@1943c1f2, org.springframework.security.web.csrf.CsrfFilter@25f15f50, org.springframework.security.web.authentication.logout.LogoutFilter@30c3ae63, org.springframework.security.web.authentication.UsernamePasswordAuthenticationFilter@64e1377c, org.springframework.web.filter.CompositeFilter@e280403, org.springframework.security.web.savedrequest.RequestCacheAwareFilter@1d8b0500, org.springframework.security.web.servletapi.SecurityContextHolderAwareRequestFilter@70f68288, org.springframework.security.web.authentication.AnonymousAuthenticationFilter@42f85fa4, org.springframework.security.web.session.SessionManagementFilter@1e1eeedd, org.springframework.security.web.access.ExceptionTranslationFilter@11d045b4, org.springframework.security.web.access.intercept.FilterSecurityInterceptor@45ab3bdd]
2019-12-28 14:53:19 [INFO ] [ExecutorConfigurationSupport.java] initialize(171) : Initializing ExecutorService 'applicationTaskExecutor'
2019-12-28 14:53:19 [INFO ] [WelcomePageHandlerMapping.java] <init>(61) : Adding welcome page template: index
2019-12-28 14:53:20 [INFO ] [TomcatWebServer.java] start(204) : Tomcat started on port(s): 80 (http) with context path ''
2019-12-28 14:53:20 [INFO ] [StartupInfoLogger.java] logStarted(59) : Started VioletWebApplication in 3.585 seconds (JVM running for 4.12)
2019-12-28 14:53:28 [INFO ] [DirectJDKLog.java] log(173) : Initializing Spring DispatcherServlet 'dispatcherServlet'
2019-12-28 14:53:28 [INFO ] [FrameworkServlet.java] initServletBean(524) : Initializing Servlet 'dispatcherServlet'
2019-12-28 14:53:28 [INFO ] [FrameworkServlet.java] initServletBean(546) : Completed initialization in 10 ms
2019-12-28 14:53:28 [WARN ] [HikariConfig.java] validateNumerics(1008) : {} - idleTimeout has been set but has no effect because the pool is operating as a fixed size pool.
2019-12-28 14:53:28 [INFO ] [HikariDataSource.java] getConnection(110) : hikari-cp - Starting...
2019-12-28 14:53:28 [WARN ] [DriverDataSource.java] <init>(68) : Registered driver with driverClassName=oracle.jdbc.driver.OracleDriver was not found, trying direct instantiation.
2019-12-28 14:53:28 [INFO ] [PoolBase.java] getAndSetNetworkTimeout(525) : hikari-cp - Driver does not support get/set network timeout for connections. (oracle.jdbc.driver.T4CConnection.getNetworkTimeout()I)
2019-12-28 14:53:28 [INFO ] [HikariDataSource.java] getConnection(123) : hikari-cp - Start completed.
2019-12-28 14:53:28 [WARN ] [FragmentProcessor.groovy] doProcess(75) : You don't need to put the layout:fragment/data-layout-fragment attribute into the <head> section - the decoration process will automatically copy the <head> section of your content templates into your layout page.
2019-12-28 14:57:08 [INFO ] [AuthSuccessHandler.java] onAuthenticationSuccess(154) : Login AuthSuccess : [ <local> test@test.com / 0:0:0:0:0:0:0:1 ]
2019-12-28 15:13:05 [WARN ] [HikariPool.java] run(766) : hikari-cp - Thread starvation or clock leap detected (housekeeper delta=2m37s257ms).
2019-12-28 16:43:07 [INFO ] [SpringApplicationAdminMXBeanRegistrar.java] shutdown(164) : Application shutdown requested.
2019-12-28 16:43:07 [INFO ] [ExecutorConfigurationSupport.java] shutdown(208) : Shutting down ExecutorService 'applicationTaskExecutor'
2019-12-28 16:43:07 [INFO ] [HikariDataSource.java] close(350) : hikari-cp - Shutdown initiated...
2019-12-28 16:43:07 [INFO ] [HikariDataSource.java] close(352) : hikari-cp - Shutdown completed.
