2019-11-30 13:40:23 [INFO ] [StartupInfoLogger.java] logStarting(50) : Starting VioletWebApplication on Minui-MacBook-Pro.local with PID 1071 (/Users/minsungkim/git/Violet/VioletWeb/target/classes started by minsungkim in /Users/minsungkim/git/Violet/VioletWeb)
2019-11-30 13:40:23 [INFO ] [SpringApplication.java] logStartupProfileInfo(679) : The following profiles are active: local
2019-11-30 13:40:24 [WARN ] [ClassPathMapperScanner.java] doScan(166) : No MyBatis mapper was found in '[com.violet.web]' package. Please check your configuration.
2019-11-30 13:40:24 [INFO ] [PostProcessorRegistrationDelegate.java] postProcessAfterInitialization(330) : Bean 'org.springframework.ws.config.annotation.DelegatingWsConfiguration' of type [org.springframework.ws.config.annotation.DelegatingWsConfiguration$$EnhancerBySpringCGLIB$$67119fbb] is not eligible for getting processed by all BeanPostProcessors (for example: not eligible for auto-proxying)
2019-11-30 13:40:24 [INFO ] [AbstractAddressingEndpointMapping.java] afterPropertiesSet(236) : Supporting [WS-Addressing August 2004, WS-Addressing 1.0]
2019-11-30 13:40:24 [INFO ] [PostProcessorRegistrationDelegate.java] postProcessAfterInitialization(330) : Bean 'org.springframework.hateoas.config.HateoasConfiguration' of type [org.springframework.hateoas.config.HateoasConfiguration$$EnhancerBySpringCGLIB$$41fa27ee] is not eligible for getting processed by all BeanPostProcessors (for example: not eligible for auto-proxying)
2019-11-30 13:40:24 [INFO ] [PostProcessorRegistrationDelegate.java] postProcessAfterInitialization(330) : Bean 'org.springframework.transaction.annotation.ProxyTransactionManagementConfiguration' of type [org.springframework.transaction.annotation.ProxyTransactionManagementConfiguration$$EnhancerBySpringCGLIB$$c279dabc] is not eligible for getting processed by all BeanPostProcessors (for example: not eligible for auto-proxying)
2019-11-30 13:40:24 [INFO ] [TomcatWebServer.java] initialize(90) : Tomcat initialized with port(s): 80 (http)
2019-11-30 13:40:24 [INFO ] [DirectJDKLog.java] log(173) : Starting service [Tomcat]
2019-11-30 13:40:24 [INFO ] [DirectJDKLog.java] log(173) : Starting Servlet Engine: Apache Tomcat/9.0.13
2019-11-30 13:40:25 [INFO ] [DirectJDKLog.java] log(173) : The APR based Apache Tomcat Native library which allows optimal performance in production environments was not found on the java.library.path: [/Users/minsungkim/Library/Java/Extensions:/Library/Java/Extensions:/Network/Library/Java/Extensions:/System/Library/Java/Extensions:/usr/lib/java:.]
2019-11-30 13:40:25 [INFO ] [DirectJDKLog.java] log(173) : Initializing Spring embedded WebApplicationContext
2019-11-30 13:40:25 [INFO ] [ServletWebServerApplicationContext.java] prepareWebApplicationContext(296) : Root WebApplicationContext: initialization completed in 1149 ms
2019-11-30 13:40:25 [INFO ] [DefaultSecurityFilterChain.java] <init>(43) : Creating filter chain: Ant [pattern='/js/**'], []
2019-11-30 13:40:25 [INFO ] [DefaultSecurityFilterChain.java] <init>(43) : Creating filter chain: Ant [pattern='/css/**'], []
2019-11-30 13:40:25 [INFO ] [DefaultSecurityFilterChain.java] <init>(43) : Creating filter chain: Ant [pattern='/img/**'], []
2019-11-30 13:40:25 [INFO ] [DefaultSecurityFilterChain.java] <init>(43) : Creating filter chain: Ant [pattern='/assets/**'], []
2019-11-30 13:40:26 [INFO ] [DefaultSecurityFilterChain.java] <init>(43) : Creating filter chain: any request, [org.springframework.security.web.context.request.async.WebAsyncManagerIntegrationFilter@558b4942, org.springframework.security.web.context.SecurityContextPersistenceFilter@d3f4505, org.springframework.security.web.header.HeaderWriterFilter@3b4a1a75, org.springframework.security.web.csrf.CsrfFilter@3a6045c6, org.springframework.security.web.authentication.logout.LogoutFilter@67022ea, org.springframework.security.web.authentication.UsernamePasswordAuthenticationFilter@250a9031, org.springframework.web.filter.CompositeFilter@30ec7d21, org.springframework.security.web.savedrequest.RequestCacheAwareFilter@7fd987ef, org.springframework.security.web.servletapi.SecurityContextHolderAwareRequestFilter@49469ffa, org.springframework.security.web.authentication.AnonymousAuthenticationFilter@70025b99, org.springframework.security.web.session.SessionManagementFilter@276cc8dc, org.springframework.security.web.access.ExceptionTranslationFilter@7d97e06c, org.springframework.security.web.access.intercept.FilterSecurityInterceptor@1f939a0f]
2019-11-30 13:40:26 [INFO ] [ExecutorConfigurationSupport.java] initialize(171) : Initializing ExecutorService 'applicationTaskExecutor'
2019-11-30 13:40:26 [INFO ] [WelcomePageHandlerMapping.java] <init>(61) : Adding welcome page template: index
2019-11-30 13:40:26 [INFO ] [TomcatWebServer.java] start(204) : Tomcat started on port(s): 80 (http) with context path ''
2019-11-30 13:40:26 [INFO ] [StartupInfoLogger.java] logStarted(59) : Started VioletWebApplication in 3.266 seconds (JVM running for 3.758)
2019-11-30 13:40:33 [INFO ] [DirectJDKLog.java] log(173) : Initializing Spring DispatcherServlet 'dispatcherServlet'
2019-11-30 13:40:33 [INFO ] [FrameworkServlet.java] initServletBean(524) : Initializing Servlet 'dispatcherServlet'
2019-11-30 13:40:33 [INFO ] [FrameworkServlet.java] initServletBean(546) : Completed initialization in 12 ms
2019-11-30 13:40:34 [WARN ] [HikariConfig.java] validateNumerics(1008) : {} - idleTimeout has been set but has no effect because the pool is operating as a fixed size pool.
2019-11-30 13:40:34 [INFO ] [HikariDataSource.java] getConnection(110) : hikari-cp - Starting...
2019-11-30 13:40:34 [WARN ] [DriverDataSource.java] <init>(68) : Registered driver with driverClassName=oracle.jdbc.driver.OracleDriver was not found, trying direct instantiation.
2019-11-30 13:40:34 [INFO ] [PoolBase.java] getAndSetNetworkTimeout(525) : hikari-cp - Driver does not support get/set network timeout for connections. (oracle.jdbc.driver.T4CConnection.getNetworkTimeout()I)
2019-11-30 13:40:34 [INFO ] [HikariDataSource.java] getConnection(123) : hikari-cp - Start completed.
2019-11-30 13:40:34 [WARN ] [FragmentProcessor.groovy] doProcess(75) : You don't need to put the layout:fragment/data-layout-fragment attribute into the <head> section - the decoration process will automatically copy the <head> section of your content templates into your layout page.
2019-11-30 13:41:01 [WARN ] [HikariPool.java] run(758) : hikari-cp - Retrograde clock change detected (housekeeper delta=27s651ms), soft-evicting connections from pool.
2019-11-30 17:32:21 [WARN ] [HikariPool.java] run(766) : hikari-cp - Thread starvation or clock leap detected (housekeeper delta=1m48s427ms).
2019-11-30 17:34:51 [WARN ] [HikariPool.java] run(758) : hikari-cp - Retrograde clock change detected (housekeeper delta=29s700ms), soft-evicting connections from pool.
2019-11-30 18:57:24 [INFO ] [SpringApplicationAdminMXBeanRegistrar.java] shutdown(164) : Application shutdown requested.
2019-11-30 18:57:24 [INFO ] [ExecutorConfigurationSupport.java] shutdown(208) : Shutting down ExecutorService 'applicationTaskExecutor'
2019-11-30 18:57:24 [INFO ] [HikariDataSource.java] close(350) : hikari-cp - Shutdown initiated...
2019-11-30 18:57:24 [INFO ] [HikariDataSource.java] close(352) : hikari-cp - Shutdown completed.
