2019-02-11 13:28:56 [INFO ] [StartupInfoLogger.java] logStarting(50) : Starting VioletWebApplication on Minui-MacBook-Pro.local with PID 728 (/Users/minsungkim/eclipse-workspace/VioletWeb/target/classes started by minsungkim in /Users/minsungkim/eclipse-workspace/VioletWeb)
2019-02-11 13:28:56 [INFO ] [SpringApplication.java] logStartupProfileInfo(679) : The following profiles are active: local
2019-02-11 13:28:57 [WARN ] [ClassPathMapperScanner.java] doScan(166) : No MyBatis mapper was found in '[com.violet.web]' package. Please check your configuration.
2019-02-11 13:28:57 [INFO ] [PostProcessorRegistrationDelegate.java] postProcessAfterInitialization(330) : Bean 'org.springframework.ws.config.annotation.DelegatingWsConfiguration' of type [org.springframework.ws.config.annotation.DelegatingWsConfiguration$$EnhancerBySpringCGLIB$$92c9d145] is not eligible for getting processed by all BeanPostProcessors (for example: not eligible for auto-proxying)
2019-02-11 13:28:57 [INFO ] [AbstractAddressingEndpointMapping.java] afterPropertiesSet(236) : Supporting [WS-Addressing August 2004, WS-Addressing 1.0]
2019-02-11 13:28:57 [INFO ] [PostProcessorRegistrationDelegate.java] postProcessAfterInitialization(330) : Bean 'org.springframework.hateoas.config.HateoasConfiguration' of type [org.springframework.hateoas.config.HateoasConfiguration$$EnhancerBySpringCGLIB$$6db25978] is not eligible for getting processed by all BeanPostProcessors (for example: not eligible for auto-proxying)
2019-02-11 13:28:57 [INFO ] [PostProcessorRegistrationDelegate.java] postProcessAfterInitialization(330) : Bean 'org.springframework.transaction.annotation.ProxyTransactionManagementConfiguration' of type [org.springframework.transaction.annotation.ProxyTransactionManagementConfiguration$$EnhancerBySpringCGLIB$$ee320c46] is not eligible for getting processed by all BeanPostProcessors (for example: not eligible for auto-proxying)
2019-02-11 13:28:57 [INFO ] [TomcatWebServer.java] initialize(90) : Tomcat initialized with port(s): 80 (http)
2019-02-11 13:28:57 [INFO ] [DirectJDKLog.java] log(173) : Starting service [Tomcat]
2019-02-11 13:28:57 [INFO ] [DirectJDKLog.java] log(173) : Starting Servlet Engine: Apache Tomcat/9.0.13
2019-02-11 13:28:57 [INFO ] [DirectJDKLog.java] log(173) : The APR based Apache Tomcat Native library which allows optimal performance in production environments was not found on the java.library.path: [/Users/minsungkim/Library/Java/Extensions:/Library/Java/Extensions:/Network/Library/Java/Extensions:/System/Library/Java/Extensions:/usr/lib/java:.]
2019-02-11 13:28:57 [INFO ] [DirectJDKLog.java] log(173) : Initializing Spring embedded WebApplicationContext
2019-02-11 13:28:57 [INFO ] [ServletWebServerApplicationContext.java] prepareWebApplicationContext(296) : Root WebApplicationContext: initialization completed in 976 ms
2019-02-11 13:28:58 [INFO ] [DefaultSecurityFilterChain.java] <init>(43) : Creating filter chain: Ant [pattern='/js/**'], []
2019-02-11 13:28:58 [INFO ] [DefaultSecurityFilterChain.java] <init>(43) : Creating filter chain: Ant [pattern='/css/**'], []
2019-02-11 13:28:58 [INFO ] [DefaultSecurityFilterChain.java] <init>(43) : Creating filter chain: Ant [pattern='/img/**'], []
2019-02-11 13:28:58 [INFO ] [DefaultSecurityFilterChain.java] <init>(43) : Creating filter chain: Ant [pattern='/assets/**'], []
2019-02-11 13:28:58 [INFO ] [DefaultSecurityFilterChain.java] <init>(43) : Creating filter chain: any request, [org.springframework.security.web.context.request.async.WebAsyncManagerIntegrationFilter@64c781a9, org.springframework.security.web.context.SecurityContextPersistenceFilter@6ef60295, org.springframework.security.web.header.HeaderWriterFilter@5584d9c6, org.springframework.security.web.csrf.CsrfFilter@786ff1cb, org.springframework.security.web.authentication.logout.LogoutFilter@22c53d82, org.springframework.security.web.authentication.UsernamePasswordAuthenticationFilter@21263314, org.springframework.web.filter.CompositeFilter@71ed560f, org.springframework.security.web.savedrequest.RequestCacheAwareFilter@3234474, org.springframework.security.web.servletapi.SecurityContextHolderAwareRequestFilter@9301672, org.springframework.security.web.authentication.AnonymousAuthenticationFilter@5b88b8e, org.springframework.security.web.session.SessionManagementFilter@6d0be7ab, org.springframework.security.web.access.ExceptionTranslationFilter@4da39ca9, org.springframework.security.web.access.intercept.FilterSecurityInterceptor@d902300]
2019-02-11 13:28:58 [INFO ] [ExecutorConfigurationSupport.java] initialize(171) : Initializing ExecutorService 'applicationTaskExecutor'
2019-02-11 13:28:59 [INFO ] [WelcomePageHandlerMapping.java] <init>(61) : Adding welcome page template: index
2019-02-11 13:28:59 [INFO ] [TomcatWebServer.java] start(204) : Tomcat started on port(s): 80 (http) with context path ''
2019-02-11 13:28:59 [INFO ] [StartupInfoLogger.java] logStarted(59) : Started VioletWebApplication in 2.749 seconds (JVM running for 3.23)
2019-02-11 13:29:08 [INFO ] [DirectJDKLog.java] log(173) : Initializing Spring DispatcherServlet 'dispatcherServlet'
2019-02-11 13:29:08 [INFO ] [FrameworkServlet.java] initServletBean(524) : Initializing Servlet 'dispatcherServlet'
2019-02-11 13:29:08 [INFO ] [FrameworkServlet.java] initServletBean(546) : Completed initialization in 10 ms
2019-02-11 13:29:08 [WARN ] [HikariConfig.java] validateNumerics(1008) : {} - idleTimeout has been set but has no effect because the pool is operating as a fixed size pool.
2019-02-11 13:29:08 [INFO ] [HikariDataSource.java] getConnection(110) : hikari-cp - Starting...
2019-02-11 13:29:08 [WARN ] [DriverDataSource.java] <init>(68) : Registered driver with driverClassName=oracle.jdbc.driver.OracleDriver was not found, trying direct instantiation.
2019-02-11 13:29:08 [INFO ] [PoolBase.java] getAndSetNetworkTimeout(525) : hikari-cp - Driver does not support get/set network timeout for connections. (oracle.jdbc.driver.T4CConnection.getNetworkTimeout()I)
2019-02-11 13:29:08 [INFO ] [HikariDataSource.java] getConnection(123) : hikari-cp - Start completed.
2019-02-11 13:29:09 [WARN ] [FragmentProcessor.groovy] doProcess(75) : You don't need to put the layout:fragment/data-layout-fragment attribute into the <head> section - the decoration process will automatically copy the <head> section of your content templates into your layout page.
2019-02-11 14:00:12 [ERROR] [AuthFailureHandler.java] onAuthenticationFailure(32) : Nonexistent or unauthenticated email.org.springframework.security.core.userdetails.UsernameNotFoundException: Authentication failed : [ test@t.com ]  Not Found Exception.
2019-02-11 14:00:16 [ERROR] [AuthFailureHandler.java] onAuthenticationFailure(32) : Nonexistent or unauthenticated email.org.springframework.security.core.userdetails.UsernameNotFoundException: Authentication failed : [ t@t.com ]  Not Found Exception.
2019-02-11 14:03:49 [WARN ] [HikariPool.java] run(766) : hikari-cp - Thread starvation or clock leap detected (housekeeper delta=1m10s305ms).
2019-02-11 17:31:51 [WARN ] [HikariPool.java] run(766) : hikari-cp - Thread starvation or clock leap detected (housekeeper delta=1m127ms).
2019-02-11 19:26:26 [WARN ] [HikariPool.java] run(766) : hikari-cp - Thread starvation or clock leap detected (housekeeper delta=2m4s615ms).
2019-02-11 19:28:18 [WARN ] [HikariPool.java] run(766) : hikari-cp - Thread starvation or clock leap detected (housekeeper delta=1m21s852ms).
2019-02-11 20:13:20 [INFO ] [SpringApplicationAdminMXBeanRegistrar.java] shutdown(164) : Application shutdown requested.
2019-02-11 20:13:20 [INFO ] [ExecutorConfigurationSupport.java] shutdown(208) : Shutting down ExecutorService 'applicationTaskExecutor'
2019-02-11 20:13:20 [INFO ] [HikariDataSource.java] close(350) : hikari-cp - Shutdown initiated...
2019-02-11 20:13:20 [INFO ] [HikariDataSource.java] close(352) : hikari-cp - Shutdown completed.
