2019-02-12 14:46:42 [INFO ] [StartupInfoLogger.java] logStarting(50) : Starting VioletWebApplication on Minui-MacBook-Pro.local with PID 2127 (/Users/minsungkim/eclipse-workspace/VioletWeb/target/classes started by minsungkim in /Users/minsungkim/eclipse-workspace/VioletWeb)
2019-02-12 14:46:42 [INFO ] [SpringApplication.java] logStartupProfileInfo(679) : The following profiles are active: local
2019-02-12 14:46:43 [WARN ] [ClassPathMapperScanner.java] doScan(166) : No MyBatis mapper was found in '[com.violet.web]' package. Please check your configuration.
2019-02-12 14:46:43 [INFO ] [PostProcessorRegistrationDelegate.java] postProcessAfterInitialization(330) : Bean 'org.springframework.ws.config.annotation.DelegatingWsConfiguration' of type [org.springframework.ws.config.annotation.DelegatingWsConfiguration$$EnhancerBySpringCGLIB$$5e64a0a7] is not eligible for getting processed by all BeanPostProcessors (for example: not eligible for auto-proxying)
2019-02-12 14:46:43 [INFO ] [AbstractAddressingEndpointMapping.java] afterPropertiesSet(236) : Supporting [WS-Addressing August 2004, WS-Addressing 1.0]
2019-02-12 14:46:43 [INFO ] [PostProcessorRegistrationDelegate.java] postProcessAfterInitialization(330) : Bean 'org.springframework.hateoas.config.HateoasConfiguration' of type [org.springframework.hateoas.config.HateoasConfiguration$$EnhancerBySpringCGLIB$$394d28da] is not eligible for getting processed by all BeanPostProcessors (for example: not eligible for auto-proxying)
2019-02-12 14:46:43 [INFO ] [PostProcessorRegistrationDelegate.java] postProcessAfterInitialization(330) : Bean 'org.springframework.transaction.annotation.ProxyTransactionManagementConfiguration' of type [org.springframework.transaction.annotation.ProxyTransactionManagementConfiguration$$EnhancerBySpringCGLIB$$b9ccdba8] is not eligible for getting processed by all BeanPostProcessors (for example: not eligible for auto-proxying)
2019-02-12 14:46:43 [INFO ] [TomcatWebServer.java] initialize(90) : Tomcat initialized with port(s): 80 (http)
2019-02-12 14:46:43 [INFO ] [DirectJDKLog.java] log(173) : Starting service [Tomcat]
2019-02-12 14:46:43 [INFO ] [DirectJDKLog.java] log(173) : Starting Servlet Engine: Apache Tomcat/9.0.13
2019-02-12 14:46:43 [INFO ] [DirectJDKLog.java] log(173) : The APR based Apache Tomcat Native library which allows optimal performance in production environments was not found on the java.library.path: [/Users/minsungkim/Library/Java/Extensions:/Library/Java/Extensions:/Network/Library/Java/Extensions:/System/Library/Java/Extensions:/usr/lib/java:.]
2019-02-12 14:46:43 [INFO ] [DirectJDKLog.java] log(173) : Initializing Spring embedded WebApplicationContext
2019-02-12 14:46:43 [INFO ] [ServletWebServerApplicationContext.java] prepareWebApplicationContext(296) : Root WebApplicationContext: initialization completed in 1144 ms
2019-02-12 14:46:44 [INFO ] [DefaultSecurityFilterChain.java] <init>(43) : Creating filter chain: Ant [pattern='/js/**'], []
2019-02-12 14:46:44 [INFO ] [DefaultSecurityFilterChain.java] <init>(43) : Creating filter chain: Ant [pattern='/css/**'], []
2019-02-12 14:46:44 [INFO ] [DefaultSecurityFilterChain.java] <init>(43) : Creating filter chain: Ant [pattern='/img/**'], []
2019-02-12 14:46:44 [INFO ] [DefaultSecurityFilterChain.java] <init>(43) : Creating filter chain: Ant [pattern='/assets/**'], []
2019-02-12 14:46:44 [INFO ] [DefaultSecurityFilterChain.java] <init>(43) : Creating filter chain: any request, [org.springframework.security.web.context.request.async.WebAsyncManagerIntegrationFilter@217bf99e, org.springframework.security.web.context.SecurityContextPersistenceFilter@670f2466, org.springframework.security.web.header.HeaderWriterFilter@79d82f66, org.springframework.security.web.csrf.CsrfFilter@7d17ee50, org.springframework.security.web.authentication.logout.LogoutFilter@1823b9c4, org.springframework.security.web.authentication.UsernamePasswordAuthenticationFilter@3eb292cd, org.springframework.web.filter.CompositeFilter@6807a356, org.springframework.security.web.savedrequest.RequestCacheAwareFilter@bfec2f9, org.springframework.security.web.servletapi.SecurityContextHolderAwareRequestFilter@45adc393, org.springframework.security.web.authentication.AnonymousAuthenticationFilter@7ddd84b5, org.springframework.security.web.session.SessionManagementFilter@ffd4cba, org.springframework.security.web.access.ExceptionTranslationFilter@66de00f2, org.springframework.security.web.access.intercept.FilterSecurityInterceptor@38b3f208]
2019-02-12 14:46:44 [INFO ] [ExecutorConfigurationSupport.java] initialize(171) : Initializing ExecutorService 'applicationTaskExecutor'
2019-02-12 14:46:45 [INFO ] [WelcomePageHandlerMapping.java] <init>(61) : Adding welcome page template: index
2019-02-12 14:46:45 [INFO ] [TomcatWebServer.java] start(204) : Tomcat started on port(s): 80 (http) with context path ''
2019-02-12 14:46:45 [INFO ] [StartupInfoLogger.java] logStarted(59) : Started VioletWebApplication in 3.363 seconds (JVM running for 3.925)
2019-02-12 14:47:29 [INFO ] [DirectJDKLog.java] log(173) : Initializing Spring DispatcherServlet 'dispatcherServlet'
2019-02-12 14:47:29 [INFO ] [FrameworkServlet.java] initServletBean(524) : Initializing Servlet 'dispatcherServlet'
2019-02-12 14:47:29 [INFO ] [FrameworkServlet.java] initServletBean(546) : Completed initialization in 11 ms
2019-02-12 14:47:29 [WARN ] [HikariConfig.java] validateNumerics(1008) : {} - idleTimeout has been set but has no effect because the pool is operating as a fixed size pool.
2019-02-12 14:47:29 [INFO ] [HikariDataSource.java] getConnection(110) : hikari-cp - Starting...
2019-02-12 14:47:29 [WARN ] [DriverDataSource.java] <init>(68) : Registered driver with driverClassName=oracle.jdbc.driver.OracleDriver was not found, trying direct instantiation.
2019-02-12 14:47:30 [INFO ] [PoolBase.java] getAndSetNetworkTimeout(525) : hikari-cp - Driver does not support get/set network timeout for connections. (oracle.jdbc.driver.T4CConnection.getNetworkTimeout()I)
2019-02-12 14:47:30 [INFO ] [HikariDataSource.java] getConnection(123) : hikari-cp - Start completed.
2019-02-12 14:47:30 [WARN ] [FragmentProcessor.groovy] doProcess(75) : You don't need to put the layout:fragment/data-layout-fragment attribute into the <head> section - the decoration process will automatically copy the <head> section of your content templates into your layout page.
2019-02-12 15:03:29 [INFO ] [SpringApplicationAdminMXBeanRegistrar.java] shutdown(164) : Application shutdown requested.
2019-02-12 15:03:29 [INFO ] [ExecutorConfigurationSupport.java] shutdown(208) : Shutting down ExecutorService 'applicationTaskExecutor'
2019-02-12 15:03:29 [INFO ] [HikariDataSource.java] close(350) : hikari-cp - Shutdown initiated...
2019-02-12 15:03:29 [INFO ] [HikariDataSource.java] close(352) : hikari-cp - Shutdown completed.
2019-02-12 15:08:07 [INFO ] [StartupInfoLogger.java] logStarting(50) : Starting VioletWebApplication on Minui-MacBook-Pro.local with PID 2437 (/Users/minsungkim/eclipse-workspace/VioletWeb/target/classes started by minsungkim in /Users/minsungkim/eclipse-workspace/VioletWeb)
2019-02-12 15:08:07 [INFO ] [SpringApplication.java] logStartupProfileInfo(679) : The following profiles are active: local
2019-02-12 15:08:08 [WARN ] [ClassPathMapperScanner.java] doScan(166) : No MyBatis mapper was found in '[com.violet.web]' package. Please check your configuration.
2019-02-12 15:08:08 [INFO ] [PostProcessorRegistrationDelegate.java] postProcessAfterInitialization(330) : Bean 'org.springframework.ws.config.annotation.DelegatingWsConfiguration' of type [org.springframework.ws.config.annotation.DelegatingWsConfiguration$$EnhancerBySpringCGLIB$$2181bc1f] is not eligible for getting processed by all BeanPostProcessors (for example: not eligible for auto-proxying)
2019-02-12 15:08:08 [INFO ] [AbstractAddressingEndpointMapping.java] afterPropertiesSet(236) : Supporting [WS-Addressing August 2004, WS-Addressing 1.0]
2019-02-12 15:08:08 [INFO ] [PostProcessorRegistrationDelegate.java] postProcessAfterInitialization(330) : Bean 'org.springframework.hateoas.config.HateoasConfiguration' of type [org.springframework.hateoas.config.HateoasConfiguration$$EnhancerBySpringCGLIB$$fc6a4452] is not eligible for getting processed by all BeanPostProcessors (for example: not eligible for auto-proxying)
2019-02-12 15:08:08 [INFO ] [PostProcessorRegistrationDelegate.java] postProcessAfterInitialization(330) : Bean 'org.springframework.transaction.annotation.ProxyTransactionManagementConfiguration' of type [org.springframework.transaction.annotation.ProxyTransactionManagementConfiguration$$EnhancerBySpringCGLIB$$7ce9f720] is not eligible for getting processed by all BeanPostProcessors (for example: not eligible for auto-proxying)
2019-02-12 15:08:08 [INFO ] [TomcatWebServer.java] initialize(90) : Tomcat initialized with port(s): 80 (http)
2019-02-12 15:08:08 [INFO ] [DirectJDKLog.java] log(173) : Starting service [Tomcat]
2019-02-12 15:08:08 [INFO ] [DirectJDKLog.java] log(173) : Starting Servlet Engine: Apache Tomcat/9.0.13
2019-02-12 15:08:08 [INFO ] [DirectJDKLog.java] log(173) : The APR based Apache Tomcat Native library which allows optimal performance in production environments was not found on the java.library.path: [/Users/minsungkim/Library/Java/Extensions:/Library/Java/Extensions:/Network/Library/Java/Extensions:/System/Library/Java/Extensions:/usr/lib/java:.]
2019-02-12 15:08:08 [INFO ] [DirectJDKLog.java] log(173) : Initializing Spring embedded WebApplicationContext
2019-02-12 15:08:08 [INFO ] [ServletWebServerApplicationContext.java] prepareWebApplicationContext(296) : Root WebApplicationContext: initialization completed in 912 ms
2019-02-12 15:08:09 [INFO ] [DefaultSecurityFilterChain.java] <init>(43) : Creating filter chain: Ant [pattern='/js/**'], []
2019-02-12 15:08:09 [INFO ] [DefaultSecurityFilterChain.java] <init>(43) : Creating filter chain: Ant [pattern='/css/**'], []
2019-02-12 15:08:09 [INFO ] [DefaultSecurityFilterChain.java] <init>(43) : Creating filter chain: Ant [pattern='/img/**'], []
2019-02-12 15:08:09 [INFO ] [DefaultSecurityFilterChain.java] <init>(43) : Creating filter chain: Ant [pattern='/assets/**'], []
2019-02-12 15:08:09 [INFO ] [DefaultSecurityFilterChain.java] <init>(43) : Creating filter chain: any request, [org.springframework.security.web.context.request.async.WebAsyncManagerIntegrationFilter@4cb702ce, org.springframework.security.web.context.SecurityContextPersistenceFilter@6d0be7ab, org.springframework.security.web.header.HeaderWriterFilter@4da39ca9, org.springframework.security.web.csrf.CsrfFilter@76fe6cdc, org.springframework.security.web.authentication.logout.LogoutFilter@1668919e, org.springframework.security.web.authentication.UsernamePasswordAuthenticationFilter@642857e0, org.springframework.web.filter.CompositeFilter@383caf89, org.springframework.security.web.savedrequest.RequestCacheAwareFilter@6ef60295, org.springframework.security.web.servletapi.SecurityContextHolderAwareRequestFilter@2bfaba70, org.springframework.security.web.authentication.AnonymousAuthenticationFilter@64c781a9, org.springframework.security.web.session.SessionManagementFilter@5584d9c6, org.springframework.security.web.access.ExceptionTranslationFilter@682af059, org.springframework.security.web.access.intercept.FilterSecurityInterceptor@7e351d7]
2019-02-12 15:08:09 [INFO ] [ExecutorConfigurationSupport.java] initialize(171) : Initializing ExecutorService 'applicationTaskExecutor'
2019-02-12 15:08:10 [INFO ] [WelcomePageHandlerMapping.java] <init>(61) : Adding welcome page template: index
2019-02-12 15:08:10 [INFO ] [TomcatWebServer.java] start(204) : Tomcat started on port(s): 80 (http) with context path ''
2019-02-12 15:08:10 [INFO ] [StartupInfoLogger.java] logStarted(59) : Started VioletWebApplication in 2.675 seconds (JVM running for 3.131)
2019-02-12 15:09:16 [INFO ] [DirectJDKLog.java] log(173) : Initializing Spring DispatcherServlet 'dispatcherServlet'
2019-02-12 15:09:16 [INFO ] [FrameworkServlet.java] initServletBean(524) : Initializing Servlet 'dispatcherServlet'
2019-02-12 15:09:16 [INFO ] [FrameworkServlet.java] initServletBean(546) : Completed initialization in 9 ms
2019-02-12 15:09:16 [WARN ] [FragmentProcessor.groovy] doProcess(75) : You don't need to put the layout:fragment/data-layout-fragment attribute into the <head> section - the decoration process will automatically copy the <head> section of your content templates into your layout page.
2019-02-12 17:13:21 [WARN ] [HikariConfig.java] validateNumerics(1008) : {} - idleTimeout has been set but has no effect because the pool is operating as a fixed size pool.
2019-02-12 17:13:21 [INFO ] [HikariDataSource.java] getConnection(110) : hikari-cp - Starting...
2019-02-12 17:13:21 [WARN ] [DriverDataSource.java] <init>(68) : Registered driver with driverClassName=oracle.jdbc.driver.OracleDriver was not found, trying direct instantiation.
2019-02-12 17:13:21 [INFO ] [PoolBase.java] getAndSetNetworkTimeout(525) : hikari-cp - Driver does not support get/set network timeout for connections. (oracle.jdbc.driver.T4CConnection.getNetworkTimeout()I)
2019-02-12 17:13:21 [INFO ] [HikariDataSource.java] getConnection(123) : hikari-cp - Start completed.
2019-02-12 19:25:22 [INFO ] [SpringApplicationAdminMXBeanRegistrar.java] shutdown(164) : Application shutdown requested.
2019-02-12 19:25:22 [INFO ] [ExecutorConfigurationSupport.java] shutdown(208) : Shutting down ExecutorService 'applicationTaskExecutor'
2019-02-12 19:25:22 [INFO ] [HikariDataSource.java] close(350) : hikari-cp - Shutdown initiated...
2019-02-12 19:25:22 [INFO ] [HikariDataSource.java] close(352) : hikari-cp - Shutdown completed.
