2019-02-09 16:16:36 [INFO ] [StartupInfoLogger.java] logStarting(50) : Starting VioletWebApplication on Minui-MacBook-Pro.local with PID 963 (/Users/minsungkim/eclipse-workspace/VioletWeb/target/classes started by minsungkim in /Users/minsungkim/eclipse-workspace/VioletWeb)
2019-02-09 16:16:36 [INFO ] [SpringApplication.java] logStartupProfileInfo(679) : The following profiles are active: local
2019-02-09 16:16:36 [WARN ] [ClassPathMapperScanner.java] doScan(166) : No MyBatis mapper was found in '[com.violet.web]' package. Please check your configuration.
2019-02-09 16:16:37 [INFO ] [PostProcessorRegistrationDelegate.java] postProcessAfterInitialization(330) : Bean 'org.springframework.ws.config.annotation.DelegatingWsConfiguration' of type [org.springframework.ws.config.annotation.DelegatingWsConfiguration$$EnhancerBySpringCGLIB$$b76560f5] is not eligible for getting processed by all BeanPostProcessors (for example: not eligible for auto-proxying)
2019-02-09 16:16:37 [INFO ] [AbstractAddressingEndpointMapping.java] afterPropertiesSet(236) : Supporting [WS-Addressing August 2004, WS-Addressing 1.0]
2019-02-09 16:16:37 [INFO ] [PostProcessorRegistrationDelegate.java] postProcessAfterInitialization(330) : Bean 'org.springframework.hateoas.config.HateoasConfiguration' of type [org.springframework.hateoas.config.HateoasConfiguration$$EnhancerBySpringCGLIB$$924de928] is not eligible for getting processed by all BeanPostProcessors (for example: not eligible for auto-proxying)
2019-02-09 16:16:37 [INFO ] [PostProcessorRegistrationDelegate.java] postProcessAfterInitialization(330) : Bean 'org.springframework.transaction.annotation.ProxyTransactionManagementConfiguration' of type [org.springframework.transaction.annotation.ProxyTransactionManagementConfiguration$$EnhancerBySpringCGLIB$$12cd9bf6] is not eligible for getting processed by all BeanPostProcessors (for example: not eligible for auto-proxying)
2019-02-09 16:16:37 [INFO ] [TomcatWebServer.java] initialize(90) : Tomcat initialized with port(s): 80 (http)
2019-02-09 16:16:37 [INFO ] [DirectJDKLog.java] log(173) : Starting service [Tomcat]
2019-02-09 16:16:37 [INFO ] [DirectJDKLog.java] log(173) : Starting Servlet Engine: Apache Tomcat/9.0.13
2019-02-09 16:16:37 [INFO ] [DirectJDKLog.java] log(173) : The APR based Apache Tomcat Native library which allows optimal performance in production environments was not found on the java.library.path: [/Users/minsungkim/Library/Java/Extensions:/Library/Java/Extensions:/Network/Library/Java/Extensions:/System/Library/Java/Extensions:/usr/lib/java:.]
2019-02-09 16:16:37 [INFO ] [DirectJDKLog.java] log(173) : Initializing Spring embedded WebApplicationContext
2019-02-09 16:16:37 [INFO ] [ServletWebServerApplicationContext.java] prepareWebApplicationContext(296) : Root WebApplicationContext: initialization completed in 966 ms
2019-02-09 16:16:38 [INFO ] [DefaultSecurityFilterChain.java] <init>(43) : Creating filter chain: Ant [pattern='/js/**'], []
2019-02-09 16:16:38 [INFO ] [DefaultSecurityFilterChain.java] <init>(43) : Creating filter chain: Ant [pattern='/css/**'], []
2019-02-09 16:16:38 [INFO ] [DefaultSecurityFilterChain.java] <init>(43) : Creating filter chain: Ant [pattern='/img/**'], []
2019-02-09 16:16:38 [INFO ] [DefaultSecurityFilterChain.java] <init>(43) : Creating filter chain: Ant [pattern='/assets/**'], []
2019-02-09 16:16:38 [INFO ] [DefaultSecurityFilterChain.java] <init>(43) : Creating filter chain: any request, [org.springframework.security.web.context.request.async.WebAsyncManagerIntegrationFilter@76fe6cdc, org.springframework.security.web.context.SecurityContextPersistenceFilter@1a1cc163, org.springframework.security.web.header.HeaderWriterFilter@784223e9, org.springframework.security.web.csrf.CsrfFilter@1015a4b9, org.springframework.security.web.authentication.logout.LogoutFilter@32f96bba, org.springframework.security.web.authentication.UsernamePasswordAuthenticationFilter@7b3cde6f, org.springframework.web.filter.CompositeFilter@2ffb3aec, org.springframework.security.web.savedrequest.RequestCacheAwareFilter@42383cb0, org.springframework.security.web.servletapi.SecurityContextHolderAwareRequestFilter@1f1cddf3, org.springframework.security.web.authentication.AnonymousAuthenticationFilter@786ff1cb, org.springframework.security.web.session.SessionManagementFilter@33a55bd8, org.springframework.security.web.access.ExceptionTranslationFilter@42505474, org.springframework.security.web.access.intercept.FilterSecurityInterceptor@7da34b26]
2019-02-09 16:16:38 [INFO ] [ExecutorConfigurationSupport.java] initialize(171) : Initializing ExecutorService 'applicationTaskExecutor'
2019-02-09 16:16:38 [INFO ] [WelcomePageHandlerMapping.java] <init>(61) : Adding welcome page template: index
2019-02-09 16:16:38 [INFO ] [TomcatWebServer.java] start(204) : Tomcat started on port(s): 80 (http) with context path ''
2019-02-09 16:16:38 [INFO ] [StartupInfoLogger.java] logStarted(59) : Started VioletWebApplication in 2.732 seconds (JVM running for 3.145)
2019-02-09 16:16:51 [INFO ] [DirectJDKLog.java] log(173) : Initializing Spring DispatcherServlet 'dispatcherServlet'
2019-02-09 16:16:51 [INFO ] [FrameworkServlet.java] initServletBean(524) : Initializing Servlet 'dispatcherServlet'
2019-02-09 16:16:51 [INFO ] [FrameworkServlet.java] initServletBean(546) : Completed initialization in 10 ms
2019-02-09 16:16:51 [WARN ] [HikariConfig.java] validateNumerics(1008) : {} - idleTimeout has been set but has no effect because the pool is operating as a fixed size pool.
2019-02-09 16:16:51 [INFO ] [HikariDataSource.java] getConnection(110) : hikari-cp - Starting...
2019-02-09 16:16:51 [WARN ] [DriverDataSource.java] <init>(68) : Registered driver with driverClassName=oracle.jdbc.driver.OracleDriver was not found, trying direct instantiation.
2019-02-09 16:16:51 [INFO ] [PoolBase.java] getAndSetNetworkTimeout(525) : hikari-cp - Driver does not support get/set network timeout for connections. (oracle.jdbc.driver.T4CConnection.getNetworkTimeout()I)
2019-02-09 16:16:51 [INFO ] [HikariDataSource.java] getConnection(123) : hikari-cp - Start completed.
2019-02-09 16:16:51 [WARN ] [FragmentProcessor.groovy] doProcess(75) : You don't need to put the layout:fragment/data-layout-fragment attribute into the <head> section - the decoration process will automatically copy the <head> section of your content templates into your layout page.
2019-02-09 16:16:59 [ERROR] [AuthFailureHandler.java] onAuthenticationFailure(32) : Nonexistent or unauthenticated email.org.springframework.security.core.userdetails.UsernameNotFoundException: Authentication failed : [ t@t ]  Not Found Exception.
2019-02-09 16:17:22 [INFO ] [AuthSuccessHandler.java] onAuthenticationSuccess(154) : Login AuthSuccess : [ <kakao> kaver00@nate.com / 0:0:0:0:0:0:0:1 ]
2019-02-09 16:39:02 [WARN ] [HikariPool.java] run(766) : hikari-cp - Thread starvation or clock leap detected (housekeeper delta=2m10s991ms).
2019-02-09 16:44:44 [INFO ] [SpringApplicationAdminMXBeanRegistrar.java] shutdown(164) : Application shutdown requested.
2019-02-09 16:44:44 [INFO ] [ExecutorConfigurationSupport.java] shutdown(208) : Shutting down ExecutorService 'applicationTaskExecutor'
2019-02-09 16:44:44 [INFO ] [HikariDataSource.java] close(350) : hikari-cp - Shutdown initiated...
2019-02-09 16:44:44 [INFO ] [HikariDataSource.java] close(352) : hikari-cp - Shutdown completed.
2019-02-09 16:44:47 [INFO ] [StartupInfoLogger.java] logStarting(50) : Starting VioletWebApplication on Minui-MacBook-Pro.local with PID 1063 (/Users/minsungkim/eclipse-workspace/VioletWeb/target/classes started by minsungkim in /Users/minsungkim/eclipse-workspace/VioletWeb)
2019-02-09 16:44:47 [INFO ] [SpringApplication.java] logStartupProfileInfo(679) : The following profiles are active: local
2019-02-09 16:44:47 [WARN ] [ClassPathMapperScanner.java] doScan(166) : No MyBatis mapper was found in '[com.violet.web]' package. Please check your configuration.
2019-02-09 16:44:47 [INFO ] [PostProcessorRegistrationDelegate.java] postProcessAfterInitialization(330) : Bean 'org.springframework.ws.config.annotation.DelegatingWsConfiguration' of type [org.springframework.ws.config.annotation.DelegatingWsConfiguration$$EnhancerBySpringCGLIB$$aca1d25d] is not eligible for getting processed by all BeanPostProcessors (for example: not eligible for auto-proxying)
2019-02-09 16:44:47 [INFO ] [AbstractAddressingEndpointMapping.java] afterPropertiesSet(236) : Supporting [WS-Addressing August 2004, WS-Addressing 1.0]
2019-02-09 16:44:47 [INFO ] [PostProcessorRegistrationDelegate.java] postProcessAfterInitialization(330) : Bean 'org.springframework.hateoas.config.HateoasConfiguration' of type [org.springframework.hateoas.config.HateoasConfiguration$$EnhancerBySpringCGLIB$$878a5a90] is not eligible for getting processed by all BeanPostProcessors (for example: not eligible for auto-proxying)
2019-02-09 16:44:47 [INFO ] [PostProcessorRegistrationDelegate.java] postProcessAfterInitialization(330) : Bean 'org.springframework.transaction.annotation.ProxyTransactionManagementConfiguration' of type [org.springframework.transaction.annotation.ProxyTransactionManagementConfiguration$$EnhancerBySpringCGLIB$$80a0d5e] is not eligible for getting processed by all BeanPostProcessors (for example: not eligible for auto-proxying)
2019-02-09 16:44:48 [INFO ] [TomcatWebServer.java] initialize(90) : Tomcat initialized with port(s): 80 (http)
2019-02-09 16:44:48 [INFO ] [DirectJDKLog.java] log(173) : Starting service [Tomcat]
2019-02-09 16:44:48 [INFO ] [DirectJDKLog.java] log(173) : Starting Servlet Engine: Apache Tomcat/9.0.13
2019-02-09 16:44:48 [INFO ] [DirectJDKLog.java] log(173) : The APR based Apache Tomcat Native library which allows optimal performance in production environments was not found on the java.library.path: [/Users/minsungkim/Library/Java/Extensions:/Library/Java/Extensions:/Network/Library/Java/Extensions:/System/Library/Java/Extensions:/usr/lib/java:.]
2019-02-09 16:44:48 [INFO ] [DirectJDKLog.java] log(173) : Initializing Spring embedded WebApplicationContext
2019-02-09 16:44:48 [INFO ] [ServletWebServerApplicationContext.java] prepareWebApplicationContext(296) : Root WebApplicationContext: initialization completed in 918 ms
2019-02-09 16:44:48 [INFO ] [DefaultSecurityFilterChain.java] <init>(43) : Creating filter chain: Ant [pattern='/js/**'], []
2019-02-09 16:44:48 [INFO ] [DefaultSecurityFilterChain.java] <init>(43) : Creating filter chain: Ant [pattern='/css/**'], []
2019-02-09 16:44:48 [INFO ] [DefaultSecurityFilterChain.java] <init>(43) : Creating filter chain: Ant [pattern='/img/**'], []
2019-02-09 16:44:48 [INFO ] [DefaultSecurityFilterChain.java] <init>(43) : Creating filter chain: Ant [pattern='/assets/**'], []
2019-02-09 16:44:48 [INFO ] [DefaultSecurityFilterChain.java] <init>(43) : Creating filter chain: any request, [org.springframework.security.web.context.request.async.WebAsyncManagerIntegrationFilter@7e351d7, org.springframework.security.web.context.SecurityContextPersistenceFilter@3bb5ceb, org.springframework.security.web.header.HeaderWriterFilter@2c9a6717, org.springframework.security.web.csrf.CsrfFilter@7da34b26, org.springframework.security.web.authentication.logout.LogoutFilter@3234474, org.springframework.security.web.authentication.UsernamePasswordAuthenticationFilter@1835dc92, org.springframework.web.filter.CompositeFilter@43c57161, org.springframework.security.web.savedrequest.RequestCacheAwareFilter@3ba0ae41, org.springframework.security.web.servletapi.SecurityContextHolderAwareRequestFilter@6a9344f5, org.springframework.security.web.authentication.AnonymousAuthenticationFilter@d902300, org.springframework.security.web.session.SessionManagementFilter@6d091cad, org.springframework.security.web.access.ExceptionTranslationFilter@3b95a6db, org.springframework.security.web.access.intercept.FilterSecurityInterceptor@7ec95456]
2019-02-09 16:44:49 [INFO ] [ExecutorConfigurationSupport.java] initialize(171) : Initializing ExecutorService 'applicationTaskExecutor'
2019-02-09 16:44:49 [INFO ] [WelcomePageHandlerMapping.java] <init>(61) : Adding welcome page template: index
2019-02-09 16:44:49 [INFO ] [TomcatWebServer.java] start(204) : Tomcat started on port(s): 80 (http) with context path ''
2019-02-09 16:44:49 [INFO ] [StartupInfoLogger.java] logStarted(59) : Started VioletWebApplication in 2.654 seconds (JVM running for 3.14)
2019-02-09 16:44:58 [INFO ] [DirectJDKLog.java] log(173) : Initializing Spring DispatcherServlet 'dispatcherServlet'
2019-02-09 16:44:58 [INFO ] [FrameworkServlet.java] initServletBean(524) : Initializing Servlet 'dispatcherServlet'
2019-02-09 16:44:58 [INFO ] [FrameworkServlet.java] initServletBean(546) : Completed initialization in 12 ms
2019-02-09 16:44:58 [WARN ] [HikariConfig.java] validateNumerics(1008) : {} - idleTimeout has been set but has no effect because the pool is operating as a fixed size pool.
2019-02-09 16:44:58 [INFO ] [HikariDataSource.java] getConnection(110) : hikari-cp - Starting...
2019-02-09 16:44:58 [WARN ] [DriverDataSource.java] <init>(68) : Registered driver with driverClassName=oracle.jdbc.driver.OracleDriver was not found, trying direct instantiation.
2019-02-09 16:44:58 [INFO ] [PoolBase.java] getAndSetNetworkTimeout(525) : hikari-cp - Driver does not support get/set network timeout for connections. (oracle.jdbc.driver.T4CConnection.getNetworkTimeout()I)
2019-02-09 16:44:58 [INFO ] [HikariDataSource.java] getConnection(123) : hikari-cp - Start completed.
2019-02-09 16:44:59 [WARN ] [FragmentProcessor.groovy] doProcess(75) : You don't need to put the layout:fragment/data-layout-fragment attribute into the <head> section - the decoration process will automatically copy the <head> section of your content templates into your layout page.
2019-02-09 16:55:51 [INFO ] [AuthSuccessHandler.java] onAuthenticationSuccess(154) : Login AuthSuccess : [ <local> tester@test.com / 0:0:0:0:0:0:0:1 ]
2019-02-09 18:14:53 [ERROR] [AuthFailureHandler.java] onAuthenticationFailure(32) : Nonexistent or unauthenticated email.org.springframework.security.core.userdetails.UsernameNotFoundException: Authentication failed : [ t@t.com ]  Not Found Exception.
2019-02-09 18:14:58 [ERROR] [AuthFailureHandler.java] onAuthenticationFailure(32) : Nonexistent or unauthenticated email.org.springframework.security.core.userdetails.UsernameNotFoundException: Authentication failed : [ t@t.xom ]  Not Found Exception.
2019-02-09 19:08:56 [INFO ] [AuthSuccessHandler.java] onAuthenticationSuccess(154) : Login AuthSuccess : [ <kakao> kaver00@nate.com / 0:0:0:0:0:0:0:1 ]
2019-02-09 19:12:51 [WARN ] [HikariPool.java] run(766) : hikari-cp - Thread starvation or clock leap detected (housekeeper delta=1m21s712ms).
2019-02-09 19:13:01 [INFO ] [SpringApplicationAdminMXBeanRegistrar.java] shutdown(164) : Application shutdown requested.
2019-02-09 19:13:01 [INFO ] [ExecutorConfigurationSupport.java] shutdown(208) : Shutting down ExecutorService 'applicationTaskExecutor'
2019-02-09 19:13:01 [INFO ] [HikariDataSource.java] close(350) : hikari-cp - Shutdown initiated...
2019-02-09 19:13:01 [INFO ] [HikariDataSource.java] close(352) : hikari-cp - Shutdown completed.
